

Started GET "/" for 127.0.0.1 at 2015-01-15 15:23:58 +0100
Processing by Rails::WelcomeController#index as HTML
  Rendered /Users/gberecz/.rvm/gems/ruby-2.1.2/gems/railties-4.2.0/lib/rails/templates/rails/welcome/index.html.erb (2.5ms)
Completed 200 OK in 25ms (Views: 14.7ms | ActiveRecord: 0.0ms)


Started GET "/" for 127.0.0.1 at 2015-01-15 15:51:29 +0100
Processing by Rails::WelcomeController#index as HTML
  Rendered /Users/gberecz/.rvm/gems/ruby-2.1.2/gems/railties-4.2.0/lib/rails/templates/rails/welcome/index.html.erb (1.1ms)
Completed 200 OK in 14ms (Views: 10.0ms | ActiveRecord: 0.0ms)


Started GET "/" for 127.0.0.1 at 2015-01-15 15:51:31 +0100
Processing by Rails::WelcomeController#index as HTML
  Rendered /Users/gberecz/.rvm/gems/ruby-2.1.2/gems/railties-4.2.0/lib/rails/templates/rails/welcome/index.html.erb (0.1ms)
Completed 200 OK in 2ms (Views: 1.4ms | ActiveRecord: 0.0ms)
  [1m[36m (36.5ms)[0m  [1mCREATE TABLE "schema_migrations" ("version" character varying NOT NULL) [0m
  [1m[35m (1.7ms)[0m  CREATE UNIQUE INDEX  "unique_schema_migrations" ON "schema_migrations"  ("version")
  [1m[36mActiveRecord::SchemaMigration Load (0.7ms)[0m  [1mSELECT "schema_migrations".* FROM "schema_migrations"[0m
Migrating to EnableUuidOsspExtension (20150115144843)
  [1m[35m (8.8ms)[0m  BEGIN
  [1m[36mSQL (49.5ms)[0m  [1mCREATE EXTENSION IF NOT EXISTS "uuid-ossp"[0m
  [1m[35mSQL (25.2ms)[0m  INSERT INTO "schema_migrations" ("version") VALUES ($1)  [["version", "20150115144843"]]
  [1m[36m (0.6ms)[0m  [1mCOMMIT[0m
Migrating to CreateUsers (20150115145836)
  [1m[35m (0.2ms)[0m  BEGIN
  [1m[36m (34.1ms)[0m  [1mCREATE TABLE "users" ("id" uuid PRIMARY KEY  DEFAULT uuid_generate_v4(), "first_name" character varying, "last_name" character varying, "title" character varying, "password" character varying, "profile_image_id" character varying, "email_settings" json, "about_me" text, "created_at" timestamp NOT NULL, "updated_at" timestamp NOT NULL) [0m
  [1m[35mSQL (0.8ms)[0m  INSERT INTO "schema_migrations" ("version") VALUES ($1)  [["version", "20150115145836"]]
  [1m[36m (0.5ms)[0m  [1mCOMMIT[0m
Migrating to CreateEmails (20150115155521)
  [1m[35m (0.2ms)[0m  BEGIN
  [1m[36m (20.1ms)[0m  [1mCREATE TABLE "emails" ("id" uuid PRIMARY KEY  DEFAULT uuid_generate_v4(), "address" character varying, "is_primary" boolean, "user_id" uuid, "created_at" timestamp NOT NULL, "updated_at" timestamp NOT NULL) [0m
  [1m[35m (1.4ms)[0m  CREATE  INDEX  "index_emails_on_user_id" ON "emails"  ("user_id")
  [1m[36m (10.9ms)[0m  [1mALTER TABLE "emails" ADD CONSTRAINT "fk_rails_540abac0d1"
FOREIGN KEY ("user_id")
  REFERENCES "users" ("id")
[0m
  [1m[35mSQL (0.2ms)[0m  INSERT INTO "schema_migrations" ("version") VALUES ($1)  [["version", "20150115155521"]]
  [1m[36m (0.7ms)[0m  [1mCOMMIT[0m
Migrating to CreateMoocProviders (20150119102043)
  [1m[35m (0.2ms)[0m  BEGIN
  [1m[36m (20.7ms)[0m  [1mCREATE TABLE "mooc_providers" ("id" uuid PRIMARY KEY  DEFAULT uuid_generate_v4(), "logo_id" character varying, "name" character varying, "url" character varying, "description" text, "created_at" timestamp NOT NULL, "updated_at" timestamp NOT NULL) [0m
  [1m[35mSQL (0.2ms)[0m  INSERT INTO "schema_migrations" ("version") VALUES ($1)  [["version", "20150119102043"]]
  [1m[36m (0.8ms)[0m  [1mCOMMIT[0m
Migrating to CreateCourseResults (20150119104653)
  [1m[35m (0.2ms)[0m  BEGIN
  [1m[36m (11.9ms)[0m  [1mCREATE TABLE "course_results" ("id" uuid PRIMARY KEY  DEFAULT uuid_generate_v4(), "maximum_score" float, "average_score" float, "best_score" float, "created_at" timestamp NOT NULL, "updated_at" timestamp NOT NULL) [0m
  [1m[35mSQL (0.2ms)[0m  INSERT INTO "schema_migrations" ("version") VALUES ($1)  [["version", "20150119104653"]]
  [1m[36m (8.6ms)[0m  [1mCOMMIT[0m
Migrating to CreateCourses (20150119113216)
  [1m[35m (0.2ms)[0m  BEGIN
  [1m[36m (24.1ms)[0m  [1mCREATE TABLE "courses" ("id" uuid PRIMARY KEY  DEFAULT uuid_generate_v4(), "name" character varying, "url" character varying, "course_instructor" character varying, "abstract" text, "language" character varying, "imageId" character varying, "videoId" character varying, "start_date" timestamp, "end_date" timestamp, "duration" character varying, "costs" character varying, "type_of_achievement" character varying, "categories" character varying, "difficulty" character varying, "requirements" character varying, "workload" character varying, "provider_course_id" integer, "mooc_provider_id" uuid, "course_result_id" uuid, "created_at" timestamp NOT NULL, "updated_at" timestamp NOT NULL) [0m
  [1m[35m (1.0ms)[0m  CREATE  INDEX  "index_courses_on_mooc_provider_id" ON "courses"  ("mooc_provider_id")
  [1m[36m (1.0ms)[0m  [1mCREATE  INDEX  "index_courses_on_course_result_id" ON "courses"  ("course_result_id")[0m
  [1m[35m (1.7ms)[0m  ALTER TABLE "courses" ADD CONSTRAINT "fk_rails_9e1b17cb7e"
FOREIGN KEY ("mooc_provider_id")
  REFERENCES "mooc_providers" ("id")

  [1m[36m (1.3ms)[0m  [1mALTER TABLE "courses" ADD CONSTRAINT "fk_rails_69e065c363"
FOREIGN KEY ("course_result_id")
  REFERENCES "course_results" ("id")
[0m
  [1m[35mSQL (0.2ms)[0m  INSERT INTO "schema_migrations" ("version") VALUES ($1)  [["version", "20150119113216"]]
  [1m[36m (0.4ms)[0m  [1mCOMMIT[0m
Migrating to CreateGroups (20150119124239)
  [1m[35m (0.4ms)[0m  BEGIN
  [1m[36m (21.5ms)[0m  [1mCREATE TABLE "groups" ("id" uuid PRIMARY KEY  DEFAULT uuid_generate_v4(), "name" character varying, "imageId" character varying, "description" text, "primary_statistics" character varying[], "created_at" timestamp NOT NULL, "updated_at" timestamp NOT NULL) [0m
  [1m[35mSQL (0.2ms)[0m  INSERT INTO "schema_migrations" ("version") VALUES ($1)  [["version", "20150119124239"]]
  [1m[36m (0.5ms)[0m  [1mCOMMIT[0m
Migrating to CreateStatistics (20150119124942)
  [1m[35m (0.2ms)[0m  BEGIN
  [1m[36m (21.8ms)[0m  [1mCREATE TABLE "statistics" ("id" uuid PRIMARY KEY  DEFAULT uuid_generate_v4(), "name" character varying, "result" text, "group_id" uuid, "created_at" timestamp NOT NULL, "updated_at" timestamp NOT NULL) [0m
  [1m[35m (1.1ms)[0m  CREATE  INDEX  "index_statistics_on_group_id" ON "statistics"  ("group_id")
  [1m[36m (2.0ms)[0m  [1mALTER TABLE "statistics" ADD CONSTRAINT "fk_rails_84cf2aaba6"
FOREIGN KEY ("group_id")
  REFERENCES "groups" ("id")
[0m
  [1m[35mSQL (0.1ms)[0m  INSERT INTO "schema_migrations" ("version") VALUES ($1)  [["version", "20150119124942"]]
  [1m[36m (0.6ms)[0m  [1mCOMMIT[0m
Migrating to CreateRecommendations (20150119134553)
  [1m[35m (0.2ms)[0m  BEGIN
  [1m[36m (10.5ms)[0m  [1mCREATE TABLE "recommendations" ("id" uuid PRIMARY KEY  DEFAULT uuid_generate_v4(), "is_obligatory" boolean, "user_id" uuid, "group_id" uuid, "course_id" uuid, "created_at" timestamp NOT NULL, "updated_at" timestamp NOT NULL) [0m
  [1m[35m (8.7ms)[0m  CREATE  INDEX  "index_recommendations_on_user_id" ON "recommendations"  ("user_id")
  [1m[36m (1.5ms)[0m  [1mCREATE  INDEX  "index_recommendations_on_group_id" ON "recommendations"  ("group_id")[0m
  [1m[35m (1.1ms)[0m  CREATE  INDEX  "index_recommendations_on_course_id" ON "recommendations"  ("course_id")
  [1m[36m (1.6ms)[0m  [1mALTER TABLE "recommendations" ADD CONSTRAINT "fk_rails_dd678c2cb2"
FOREIGN KEY ("user_id")
  REFERENCES "users" ("id")
[0m
  [1m[35m (1.6ms)[0m  ALTER TABLE "recommendations" ADD CONSTRAINT "fk_rails_838584e083"
FOREIGN KEY ("group_id")
  REFERENCES "groups" ("id")

  [1m[36m (1.7ms)[0m  [1mALTER TABLE "recommendations" ADD CONSTRAINT "fk_rails_e5910bc7b2"
FOREIGN KEY ("course_id")
  REFERENCES "courses" ("id")
[0m
  [1m[35mSQL (0.2ms)[0m  INSERT INTO "schema_migrations" ("version") VALUES ($1)  [["version", "20150119134553"]]
  [1m[36m (0.4ms)[0m  [1mCOMMIT[0m
Migrating to CreateComments (20150119134842)
  [1m[35m (0.3ms)[0m  BEGIN
  [1m[36m (21.1ms)[0m  [1mCREATE TABLE "comments" ("id" uuid PRIMARY KEY  DEFAULT uuid_generate_v4(), "date" timestamp, "content" text, "user_id" uuid, "recommendation_id" uuid, "created_at" timestamp NOT NULL, "updated_at" timestamp NOT NULL) [0m
  [1m[35m (1.4ms)[0m  CREATE  INDEX  "index_comments_on_user_id" ON "comments"  ("user_id")
  [1m[36m (1.2ms)[0m  [1mCREATE  INDEX  "index_comments_on_recommendation_id" ON "comments"  ("recommendation_id")[0m
  [1m[35m (2.0ms)[0m  ALTER TABLE "comments" ADD CONSTRAINT "fk_rails_5dd94545c7"
FOREIGN KEY ("user_id")
  REFERENCES "users" ("id")

  [1m[36m (1.7ms)[0m  [1mALTER TABLE "comments" ADD CONSTRAINT "fk_rails_b92b4f304b"
FOREIGN KEY ("recommendation_id")
  REFERENCES "recommendations" ("id")
[0m
  [1m[35mSQL (0.2ms)[0m  INSERT INTO "schema_migrations" ("version") VALUES ($1)  [["version", "20150119134842"]]
  [1m[36m (0.6ms)[0m  [1mCOMMIT[0m
Migrating to CreateUserGroups (20150119135248)
  [1m[35m (0.2ms)[0m  BEGIN
  [1m[36m (9.9ms)[0m  [1mCREATE TABLE "user_groups" ("id" uuid PRIMARY KEY  DEFAULT uuid_generate_v4(), "is_admin" boolean, "user_id" uuid, "group_id" uuid, "created_at" timestamp NOT NULL, "updated_at" timestamp NOT NULL) [0m
  [1m[35m (7.4ms)[0m  CREATE  INDEX  "index_user_groups_on_user_id" ON "user_groups"  ("user_id")
  [1m[36m (1.4ms)[0m  [1mCREATE  INDEX  "index_user_groups_on_group_id" ON "user_groups"  ("group_id")[0m
  [1m[35m (3.2ms)[0m  ALTER TABLE "user_groups" ADD CONSTRAINT "fk_rails_8a0f9e484c"
FOREIGN KEY ("user_id")
  REFERENCES "users" ("id")

  [1m[36m (1.1ms)[0m  [1mALTER TABLE "user_groups" ADD CONSTRAINT "fk_rails_afc734fb3b"
FOREIGN KEY ("group_id")
  REFERENCES "groups" ("id")
[0m
  [1m[35mSQL (0.3ms)[0m  INSERT INTO "schema_migrations" ("version") VALUES ($1)  [["version", "20150119135248"]]
  [1m[36m (0.4ms)[0m  [1mCOMMIT[0m
Migrating to CreateCompletions (20150119140915)
  [1m[35m (0.4ms)[0m  BEGIN
  [1m[36m (20.0ms)[0m  [1mCREATE TABLE "completions" ("id" uuid PRIMARY KEY  DEFAULT uuid_generate_v4(), "position_in_course" integer, "points" float, "permissions" character varying[], "date" timestamp, "user_id" uuid, "course_id" uuid, "created_at" timestamp NOT NULL, "updated_at" timestamp NOT NULL) [0m
  [1m[35m (1.1ms)[0m  CREATE  INDEX  "index_completions_on_user_id" ON "completions"  ("user_id")
  [1m[36m (1.6ms)[0m  [1mCREATE  INDEX  "index_completions_on_course_id" ON "completions"  ("course_id")[0m
  [1m[35m (2.2ms)[0m  ALTER TABLE "completions" ADD CONSTRAINT "fk_rails_3d94f9218c"
FOREIGN KEY ("user_id")
  REFERENCES "users" ("id")

  [1m[36m (1.3ms)[0m  [1mALTER TABLE "completions" ADD CONSTRAINT "fk_rails_b1d8925f64"
FOREIGN KEY ("course_id")
  REFERENCES "courses" ("id")
[0m
  [1m[35mSQL (0.2ms)[0m  INSERT INTO "schema_migrations" ("version") VALUES ($1)  [["version", "20150119140915"]]
  [1m[36m (0.4ms)[0m  [1mCOMMIT[0m
Migrating to CreateCertificates (20150119141307)
  [1m[35m (0.2ms)[0m  BEGIN
  [1m[36m (21.2ms)[0m  [1mCREATE TABLE "certificates" ("id" uuid PRIMARY KEY  DEFAULT uuid_generate_v4(), "title" character varying, "file_id" character varying, "completion_id" uuid, "created_at" timestamp NOT NULL, "updated_at" timestamp NOT NULL) [0m
  [1m[35m (8.2ms)[0m  CREATE  INDEX  "index_certificates_on_completion_id" ON "certificates"  ("completion_id")
  [1m[36m (1.7ms)[0m  [1mALTER TABLE "certificates" ADD CONSTRAINT "fk_rails_473bda910d"
FOREIGN KEY ("completion_id")
  REFERENCES "completions" ("id")
[0m
  [1m[35mSQL (0.2ms)[0m  INSERT INTO "schema_migrations" ("version") VALUES ($1)  [["version", "20150119141307"]]
  [1m[36m (5.8ms)[0m  [1mCOMMIT[0m
Migrating to CreateCourseRequests (20150119142313)
  [1m[35m (0.3ms)[0m  BEGIN
  [1m[36m (25.1ms)[0m  [1mCREATE TABLE "course_requests" ("id" uuid PRIMARY KEY  DEFAULT uuid_generate_v4(), "date" timestamp, "description" text, "course_id" uuid, "user_id" uuid, "group_id" uuid, "created_at" timestamp NOT NULL, "updated_at" timestamp NOT NULL) [0m
  [1m[35m (1.8ms)[0m  CREATE  INDEX  "index_course_requests_on_course_id" ON "course_requests"  ("course_id")
  [1m[36m (1.0ms)[0m  [1mCREATE  INDEX  "index_course_requests_on_user_id" ON "course_requests"  ("user_id")[0m
  [1m[35m (1.3ms)[0m  CREATE  INDEX  "index_course_requests_on_group_id" ON "course_requests"  ("group_id")
  [1m[36m (1.4ms)[0m  [1mALTER TABLE "course_requests" ADD CONSTRAINT "fk_rails_5978506f88"
FOREIGN KEY ("course_id")
  REFERENCES "courses" ("id")
[0m
  [1m[35m (1.7ms)[0m  ALTER TABLE "course_requests" ADD CONSTRAINT "fk_rails_714cbdbc72"
FOREIGN KEY ("user_id")
  REFERENCES "users" ("id")

  [1m[36m (1.4ms)[0m  [1mALTER TABLE "course_requests" ADD CONSTRAINT "fk_rails_fca4bb326f"
FOREIGN KEY ("group_id")
  REFERENCES "groups" ("id")
[0m
  [1m[35mSQL (0.3ms)[0m  INSERT INTO "schema_migrations" ("version") VALUES ($1)  [["version", "20150119142313"]]
  [1m[36m (0.6ms)[0m  [1mCOMMIT[0m
Migrating to CreateApprovals (20150119142802)
  [1m[35m (0.3ms)[0m  BEGIN
  [1m[36m (21.7ms)[0m  [1mCREATE TABLE "approvals" ("id" uuid PRIMARY KEY  DEFAULT uuid_generate_v4(), "date" timestamp, "is_approved" boolean, "description" character varying, "user_id" uuid, "created_at" timestamp NOT NULL, "updated_at" timestamp NOT NULL) [0m
  [1m[35m (1.2ms)[0m  CREATE  INDEX  "index_approvals_on_user_id" ON "approvals"  ("user_id")
  [1m[36m (1.6ms)[0m  [1mALTER TABLE "approvals" ADD CONSTRAINT "fk_rails_324d629c69"
FOREIGN KEY ("user_id")
  REFERENCES "users" ("id")
[0m
  [1m[35mSQL (0.4ms)[0m  INSERT INTO "schema_migrations" ("version") VALUES ($1)  [["version", "20150119142802"]]
  [1m[36m (0.6ms)[0m  [1mCOMMIT[0m
Migrating to CreateProgresses (20150119143440)
  [1m[35m (0.2ms)[0m  BEGIN
  [1m[36m (26.8ms)[0m  [1mCREATE TABLE "progresses" ("id" uuid PRIMARY KEY  DEFAULT uuid_generate_v4(), "percentage" float, "permissions" character varying[], "course_id" uuid, "user_id" uuid, "created_at" timestamp NOT NULL, "updated_at" timestamp NOT NULL) [0m
  [1m[35m (1.2ms)[0m  CREATE  INDEX  "index_progresses_on_course_id" ON "progresses"  ("course_id")
  [1m[36m (1.8ms)[0m  [1mCREATE  INDEX  "index_progresses_on_user_id" ON "progresses"  ("user_id")[0m
  [1m[35m (1.3ms)[0m  ALTER TABLE "progresses" ADD CONSTRAINT "fk_rails_2eb636cffe"
FOREIGN KEY ("course_id")
  REFERENCES "courses" ("id")

  [1m[36m (1.1ms)[0m  [1mALTER TABLE "progresses" ADD CONSTRAINT "fk_rails_fd35b258b2"
FOREIGN KEY ("user_id")
  REFERENCES "users" ("id")
[0m
  [1m[35mSQL (0.2ms)[0m  INSERT INTO "schema_migrations" ("version") VALUES ($1)  [["version", "20150119143440"]]
  [1m[36m (0.6ms)[0m  [1mCOMMIT[0m
Migrating to CreateBookmarks (20150119153147)
  [1m[35m (0.2ms)[0m  BEGIN
  [1m[36m (16.0ms)[0m  [1mCREATE TABLE "bookmarks" ("id" uuid PRIMARY KEY  DEFAULT uuid_generate_v4(), "user_id" uuid, "course_id" uuid, "created_at" timestamp NOT NULL, "updated_at" timestamp NOT NULL) [0m
  [1m[35m (6.1ms)[0m  CREATE  INDEX  "index_bookmarks_on_user_id" ON "bookmarks"  ("user_id")
  [1m[36m (1.3ms)[0m  [1mCREATE  INDEX  "index_bookmarks_on_course_id" ON "bookmarks"  ("course_id")[0m
  [1m[35m (1.4ms)[0m  ALTER TABLE "bookmarks" ADD CONSTRAINT "fk_rails_422fde6128"
FOREIGN KEY ("user_id")
  REFERENCES "users" ("id")

  [1m[36m (1.1ms)[0m  [1mALTER TABLE "bookmarks" ADD CONSTRAINT "fk_rails_d10980c56b"
FOREIGN KEY ("course_id")
  REFERENCES "courses" ("id")
[0m
  [1m[35mSQL (0.1ms)[0m  INSERT INTO "schema_migrations" ("version") VALUES ($1)  [["version", "20150119153147"]]
  [1m[36m (0.5ms)[0m  [1mCOMMIT[0m
Migrating to CreateEvaluations (20150119154638)
  [1m[35m (0.2ms)[0m  BEGIN
  [1m[36m (22.4ms)[0m  [1mCREATE TABLE "evaluations" ("id" uuid PRIMARY KEY  DEFAULT uuid_generate_v4(), "title" character varying, "rating" float, "is_verified" boolean, "description" text, "date" timestamp, "user_id" uuid, "course_id" uuid, "created_at" timestamp NOT NULL, "updated_at" timestamp NOT NULL) [0m
  [1m[35m (1.3ms)[0m  CREATE  INDEX  "index_evaluations_on_user_id" ON "evaluations"  ("user_id")
  [1m[36m (1.6ms)[0m  [1mCREATE  INDEX  "index_evaluations_on_course_id" ON "evaluations"  ("course_id")[0m
  [1m[35m (3.5ms)[0m  ALTER TABLE "evaluations" ADD CONSTRAINT "fk_rails_2761deb0e6"
FOREIGN KEY ("user_id")
  REFERENCES "users" ("id")

  [1m[36m (1.6ms)[0m  [1mALTER TABLE "evaluations" ADD CONSTRAINT "fk_rails_5e3445d618"
FOREIGN KEY ("course_id")
  REFERENCES "courses" ("id")
[0m
  [1m[35mSQL (0.2ms)[0m  INSERT INTO "schema_migrations" ("version") VALUES ($1)  [["version", "20150119154638"]]
  [1m[36m (0.5ms)[0m  [1mCOMMIT[0m
Migrating to CreateCourseAssignments (20150119155123)
  [1m[35m (0.4ms)[0m  BEGIN
  [1m[36m (19.3ms)[0m  [1mCREATE TABLE "course_assignments" ("id" uuid PRIMARY KEY  DEFAULT uuid_generate_v4(), "name" character varying, "deadline" timestamp, "maximum_score" float, "average_score" float, "course_id" uuid, "created_at" timestamp NOT NULL, "updated_at" timestamp NOT NULL) [0m
  [1m[35m (1.4ms)[0m  CREATE  INDEX  "index_course_assignments_on_course_id" ON "course_assignments"  ("course_id")
  [1m[36m (1.8ms)[0m  [1mALTER TABLE "course_assignments" ADD CONSTRAINT "fk_rails_9416ad886a"
FOREIGN KEY ("course_id")
  REFERENCES "courses" ("id")
[0m
  [1m[35mSQL (0.2ms)[0m  INSERT INTO "schema_migrations" ("version") VALUES ($1)  [["version", "20150119155123"]]
  [1m[36m (0.4ms)[0m  [1mCOMMIT[0m
Migrating to CreateUserAssignments (20150119155400)
  [1m[35m (0.3ms)[0m  BEGIN
  [1m[36m (13.3ms)[0m  [1mCREATE TABLE "user_assignments" ("id" uuid PRIMARY KEY  DEFAULT uuid_generate_v4(), "date" timestamp, "score" float, "user_id" uuid, "course_id" uuid, "course_assignment_id" uuid, "created_at" timestamp NOT NULL, "updated_at" timestamp NOT NULL) [0m
  [1m[35m (7.8ms)[0m  CREATE  INDEX  "index_user_assignments_on_user_id" ON "user_assignments"  ("user_id")
  [1m[36m (1.7ms)[0m  [1mCREATE  INDEX  "index_user_assignments_on_course_id" ON "user_assignments"  ("course_id")[0m
  [1m[35m (1.1ms)[0m  CREATE  INDEX  "index_user_assignments_on_course_assignment_id" ON "user_assignments"  ("course_assignment_id")
  [1m[36m (1.3ms)[0m  [1mALTER TABLE "user_assignments" ADD CONSTRAINT "fk_rails_bdac4231dd"
FOREIGN KEY ("user_id")
  REFERENCES "users" ("id")
[0m
  [1m[35m (1.2ms)[0m  ALTER TABLE "user_assignments" ADD CONSTRAINT "fk_rails_290c98342f"
FOREIGN KEY ("course_id")
  REFERENCES "courses" ("id")

  [1m[36m (1.0ms)[0m  [1mALTER TABLE "user_assignments" ADD CONSTRAINT "fk_rails_a9e9359cd7"
FOREIGN KEY ("course_assignment_id")
  REFERENCES "course_assignments" ("id")
[0m
  [1m[35mSQL (0.1ms)[0m  INSERT INTO "schema_migrations" ("version") VALUES ($1)  [["version", "20150119155400"]]
  [1m[36m (0.5ms)[0m  [1mCOMMIT[0m
  [1m[35mActiveRecord::SchemaMigration Load (0.3ms)[0m  SELECT "schema_migrations".* FROM "schema_migrations"
  [1m[36m (2.9ms)[0m  [1mSELECT t2.oid::regclass::text AS to_table, a1.attname AS column, a2.attname AS primary_key, c.conname AS name, c.confupdtype AS on_update, c.confdeltype AS on_delete
FROM pg_constraint c
JOIN pg_class t1 ON c.conrelid = t1.oid
JOIN pg_class t2 ON c.confrelid = t2.oid
JOIN pg_attribute a1 ON a1.attnum = c.conkey[1] AND a1.attrelid = t1.oid
JOIN pg_attribute a2 ON a2.attnum = c.confkey[1] AND a2.attrelid = t2.oid
JOIN pg_namespace t3 ON c.connamespace = t3.oid
WHERE c.contype = 'f'
  AND t1.relname = 'approvals'
  AND t3.nspname = ANY (current_schemas(false))
ORDER BY c.conname
[0m
  [1m[35m (2.3ms)[0m  SELECT t2.oid::regclass::text AS to_table, a1.attname AS column, a2.attname AS primary_key, c.conname AS name, c.confupdtype AS on_update, c.confdeltype AS on_delete
FROM pg_constraint c
JOIN pg_class t1 ON c.conrelid = t1.oid
JOIN pg_class t2 ON c.confrelid = t2.oid
JOIN pg_attribute a1 ON a1.attnum = c.conkey[1] AND a1.attrelid = t1.oid
JOIN pg_attribute a2 ON a2.attnum = c.confkey[1] AND a2.attrelid = t2.oid
JOIN pg_namespace t3 ON c.connamespace = t3.oid
WHERE c.contype = 'f'
  AND t1.relname = 'bookmarks'
  AND t3.nspname = ANY (current_schemas(false))
ORDER BY c.conname

  [1m[36m (4.2ms)[0m  [1mSELECT t2.oid::regclass::text AS to_table, a1.attname AS column, a2.attname AS primary_key, c.conname AS name, c.confupdtype AS on_update, c.confdeltype AS on_delete
FROM pg_constraint c
JOIN pg_class t1 ON c.conrelid = t1.oid
JOIN pg_class t2 ON c.confrelid = t2.oid
JOIN pg_attribute a1 ON a1.attnum = c.conkey[1] AND a1.attrelid = t1.oid
JOIN pg_attribute a2 ON a2.attnum = c.confkey[1] AND a2.attrelid = t2.oid
JOIN pg_namespace t3 ON c.connamespace = t3.oid
WHERE c.contype = 'f'
  AND t1.relname = 'certificates'
  AND t3.nspname = ANY (current_schemas(false))
ORDER BY c.conname
[0m
  [1m[35m (2.3ms)[0m  SELECT t2.oid::regclass::text AS to_table, a1.attname AS column, a2.attname AS primary_key, c.conname AS name, c.confupdtype AS on_update, c.confdeltype AS on_delete
FROM pg_constraint c
JOIN pg_class t1 ON c.conrelid = t1.oid
JOIN pg_class t2 ON c.confrelid = t2.oid
JOIN pg_attribute a1 ON a1.attnum = c.conkey[1] AND a1.attrelid = t1.oid
JOIN pg_attribute a2 ON a2.attnum = c.confkey[1] AND a2.attrelid = t2.oid
JOIN pg_namespace t3 ON c.connamespace = t3.oid
WHERE c.contype = 'f'
  AND t1.relname = 'comments'
  AND t3.nspname = ANY (current_schemas(false))
ORDER BY c.conname

  [1m[36m (2.3ms)[0m  [1mSELECT t2.oid::regclass::text AS to_table, a1.attname AS column, a2.attname AS primary_key, c.conname AS name, c.confupdtype AS on_update, c.confdeltype AS on_delete
FROM pg_constraint c
JOIN pg_class t1 ON c.conrelid = t1.oid
JOIN pg_class t2 ON c.confrelid = t2.oid
JOIN pg_attribute a1 ON a1.attnum = c.conkey[1] AND a1.attrelid = t1.oid
JOIN pg_attribute a2 ON a2.attnum = c.confkey[1] AND a2.attrelid = t2.oid
JOIN pg_namespace t3 ON c.connamespace = t3.oid
WHERE c.contype = 'f'
  AND t1.relname = 'completions'
  AND t3.nspname = ANY (current_schemas(false))
ORDER BY c.conname
[0m
  [1m[35m (2.2ms)[0m  SELECT t2.oid::regclass::text AS to_table, a1.attname AS column, a2.attname AS primary_key, c.conname AS name, c.confupdtype AS on_update, c.confdeltype AS on_delete
FROM pg_constraint c
JOIN pg_class t1 ON c.conrelid = t1.oid
JOIN pg_class t2 ON c.confrelid = t2.oid
JOIN pg_attribute a1 ON a1.attnum = c.conkey[1] AND a1.attrelid = t1.oid
JOIN pg_attribute a2 ON a2.attnum = c.confkey[1] AND a2.attrelid = t2.oid
JOIN pg_namespace t3 ON c.connamespace = t3.oid
WHERE c.contype = 'f'
  AND t1.relname = 'course_assignments'
  AND t3.nspname = ANY (current_schemas(false))
ORDER BY c.conname

  [1m[36m (3.7ms)[0m  [1mSELECT t2.oid::regclass::text AS to_table, a1.attname AS column, a2.attname AS primary_key, c.conname AS name, c.confupdtype AS on_update, c.confdeltype AS on_delete
FROM pg_constraint c
JOIN pg_class t1 ON c.conrelid = t1.oid
JOIN pg_class t2 ON c.confrelid = t2.oid
JOIN pg_attribute a1 ON a1.attnum = c.conkey[1] AND a1.attrelid = t1.oid
JOIN pg_attribute a2 ON a2.attnum = c.confkey[1] AND a2.attrelid = t2.oid
JOIN pg_namespace t3 ON c.connamespace = t3.oid
WHERE c.contype = 'f'
  AND t1.relname = 'course_requests'
  AND t3.nspname = ANY (current_schemas(false))
ORDER BY c.conname
[0m
  [1m[35m (2.6ms)[0m  SELECT t2.oid::regclass::text AS to_table, a1.attname AS column, a2.attname AS primary_key, c.conname AS name, c.confupdtype AS on_update, c.confdeltype AS on_delete
FROM pg_constraint c
JOIN pg_class t1 ON c.conrelid = t1.oid
JOIN pg_class t2 ON c.confrelid = t2.oid
JOIN pg_attribute a1 ON a1.attnum = c.conkey[1] AND a1.attrelid = t1.oid
JOIN pg_attribute a2 ON a2.attnum = c.confkey[1] AND a2.attrelid = t2.oid
JOIN pg_namespace t3 ON c.connamespace = t3.oid
WHERE c.contype = 'f'
  AND t1.relname = 'course_results'
  AND t3.nspname = ANY (current_schemas(false))
ORDER BY c.conname

  [1m[36m (2.3ms)[0m  [1mSELECT t2.oid::regclass::text AS to_table, a1.attname AS column, a2.attname AS primary_key, c.conname AS name, c.confupdtype AS on_update, c.confdeltype AS on_delete
FROM pg_constraint c
JOIN pg_class t1 ON c.conrelid = t1.oid
JOIN pg_class t2 ON c.confrelid = t2.oid
JOIN pg_attribute a1 ON a1.attnum = c.conkey[1] AND a1.attrelid = t1.oid
JOIN pg_attribute a2 ON a2.attnum = c.confkey[1] AND a2.attrelid = t2.oid
JOIN pg_namespace t3 ON c.connamespace = t3.oid
WHERE c.contype = 'f'
  AND t1.relname = 'courses'
  AND t3.nspname = ANY (current_schemas(false))
ORDER BY c.conname
[0m
  [1m[35m (2.3ms)[0m  SELECT t2.oid::regclass::text AS to_table, a1.attname AS column, a2.attname AS primary_key, c.conname AS name, c.confupdtype AS on_update, c.confdeltype AS on_delete
FROM pg_constraint c
JOIN pg_class t1 ON c.conrelid = t1.oid
JOIN pg_class t2 ON c.confrelid = t2.oid
JOIN pg_attribute a1 ON a1.attnum = c.conkey[1] AND a1.attrelid = t1.oid
JOIN pg_attribute a2 ON a2.attnum = c.confkey[1] AND a2.attrelid = t2.oid
JOIN pg_namespace t3 ON c.connamespace = t3.oid
WHERE c.contype = 'f'
  AND t1.relname = 'emails'
  AND t3.nspname = ANY (current_schemas(false))
ORDER BY c.conname

  [1m[36m (2.2ms)[0m  [1mSELECT t2.oid::regclass::text AS to_table, a1.attname AS column, a2.attname AS primary_key, c.conname AS name, c.confupdtype AS on_update, c.confdeltype AS on_delete
FROM pg_constraint c
JOIN pg_class t1 ON c.conrelid = t1.oid
JOIN pg_class t2 ON c.confrelid = t2.oid
JOIN pg_attribute a1 ON a1.attnum = c.conkey[1] AND a1.attrelid = t1.oid
JOIN pg_attribute a2 ON a2.attnum = c.confkey[1] AND a2.attrelid = t2.oid
JOIN pg_namespace t3 ON c.connamespace = t3.oid
WHERE c.contype = 'f'
  AND t1.relname = 'evaluations'
  AND t3.nspname = ANY (current_schemas(false))
ORDER BY c.conname
[0m
  [1m[35m (2.2ms)[0m  SELECT t2.oid::regclass::text AS to_table, a1.attname AS column, a2.attname AS primary_key, c.conname AS name, c.confupdtype AS on_update, c.confdeltype AS on_delete
FROM pg_constraint c
JOIN pg_class t1 ON c.conrelid = t1.oid
JOIN pg_class t2 ON c.confrelid = t2.oid
JOIN pg_attribute a1 ON a1.attnum = c.conkey[1] AND a1.attrelid = t1.oid
JOIN pg_attribute a2 ON a2.attnum = c.confkey[1] AND a2.attrelid = t2.oid
JOIN pg_namespace t3 ON c.connamespace = t3.oid
WHERE c.contype = 'f'
  AND t1.relname = 'groups'
  AND t3.nspname = ANY (current_schemas(false))
ORDER BY c.conname

  [1m[36m (3.0ms)[0m  [1mSELECT t2.oid::regclass::text AS to_table, a1.attname AS column, a2.attname AS primary_key, c.conname AS name, c.confupdtype AS on_update, c.confdeltype AS on_delete
FROM pg_constraint c
JOIN pg_class t1 ON c.conrelid = t1.oid
JOIN pg_class t2 ON c.confrelid = t2.oid
JOIN pg_attribute a1 ON a1.attnum = c.conkey[1] AND a1.attrelid = t1.oid
JOIN pg_attribute a2 ON a2.attnum = c.confkey[1] AND a2.attrelid = t2.oid
JOIN pg_namespace t3 ON c.connamespace = t3.oid
WHERE c.contype = 'f'
  AND t1.relname = 'mooc_providers'
  AND t3.nspname = ANY (current_schemas(false))
ORDER BY c.conname
[0m
  [1m[35m (2.4ms)[0m  SELECT t2.oid::regclass::text AS to_table, a1.attname AS column, a2.attname AS primary_key, c.conname AS name, c.confupdtype AS on_update, c.confdeltype AS on_delete
FROM pg_constraint c
JOIN pg_class t1 ON c.conrelid = t1.oid
JOIN pg_class t2 ON c.confrelid = t2.oid
JOIN pg_attribute a1 ON a1.attnum = c.conkey[1] AND a1.attrelid = t1.oid
JOIN pg_attribute a2 ON a2.attnum = c.confkey[1] AND a2.attrelid = t2.oid
JOIN pg_namespace t3 ON c.connamespace = t3.oid
WHERE c.contype = 'f'
  AND t1.relname = 'progresses'
  AND t3.nspname = ANY (current_schemas(false))
ORDER BY c.conname

  [1m[36m (2.2ms)[0m  [1mSELECT t2.oid::regclass::text AS to_table, a1.attname AS column, a2.attname AS primary_key, c.conname AS name, c.confupdtype AS on_update, c.confdeltype AS on_delete
FROM pg_constraint c
JOIN pg_class t1 ON c.conrelid = t1.oid
JOIN pg_class t2 ON c.confrelid = t2.oid
JOIN pg_attribute a1 ON a1.attnum = c.conkey[1] AND a1.attrelid = t1.oid
JOIN pg_attribute a2 ON a2.attnum = c.confkey[1] AND a2.attrelid = t2.oid
JOIN pg_namespace t3 ON c.connamespace = t3.oid
WHERE c.contype = 'f'
  AND t1.relname = 'recommendations'
  AND t3.nspname = ANY (current_schemas(false))
ORDER BY c.conname
[0m
  [1m[35m (2.3ms)[0m  SELECT t2.oid::regclass::text AS to_table, a1.attname AS column, a2.attname AS primary_key, c.conname AS name, c.confupdtype AS on_update, c.confdeltype AS on_delete
FROM pg_constraint c
JOIN pg_class t1 ON c.conrelid = t1.oid
JOIN pg_class t2 ON c.confrelid = t2.oid
JOIN pg_attribute a1 ON a1.attnum = c.conkey[1] AND a1.attrelid = t1.oid
JOIN pg_attribute a2 ON a2.attnum = c.confkey[1] AND a2.attrelid = t2.oid
JOIN pg_namespace t3 ON c.connamespace = t3.oid
WHERE c.contype = 'f'
  AND t1.relname = 'statistics'
  AND t3.nspname = ANY (current_schemas(false))
ORDER BY c.conname

  [1m[36m (2.3ms)[0m  [1mSELECT t2.oid::regclass::text AS to_table, a1.attname AS column, a2.attname AS primary_key, c.conname AS name, c.confupdtype AS on_update, c.confdeltype AS on_delete
FROM pg_constraint c
JOIN pg_class t1 ON c.conrelid = t1.oid
JOIN pg_class t2 ON c.confrelid = t2.oid
JOIN pg_attribute a1 ON a1.attnum = c.conkey[1] AND a1.attrelid = t1.oid
JOIN pg_attribute a2 ON a2.attnum = c.confkey[1] AND a2.attrelid = t2.oid
JOIN pg_namespace t3 ON c.connamespace = t3.oid
WHERE c.contype = 'f'
  AND t1.relname = 'user_assignments'
  AND t3.nspname = ANY (current_schemas(false))
ORDER BY c.conname
[0m
  [1m[35m (2.3ms)[0m  SELECT t2.oid::regclass::text AS to_table, a1.attname AS column, a2.attname AS primary_key, c.conname AS name, c.confupdtype AS on_update, c.confdeltype AS on_delete
FROM pg_constraint c
JOIN pg_class t1 ON c.conrelid = t1.oid
JOIN pg_class t2 ON c.confrelid = t2.oid
JOIN pg_attribute a1 ON a1.attnum = c.conkey[1] AND a1.attrelid = t1.oid
JOIN pg_attribute a2 ON a2.attnum = c.confkey[1] AND a2.attrelid = t2.oid
JOIN pg_namespace t3 ON c.connamespace = t3.oid
WHERE c.contype = 'f'
  AND t1.relname = 'user_groups'
  AND t3.nspname = ANY (current_schemas(false))
ORDER BY c.conname

  [1m[36m (2.2ms)[0m  [1mSELECT t2.oid::regclass::text AS to_table, a1.attname AS column, a2.attname AS primary_key, c.conname AS name, c.confupdtype AS on_update, c.confdeltype AS on_delete
FROM pg_constraint c
JOIN pg_class t1 ON c.conrelid = t1.oid
JOIN pg_class t2 ON c.confrelid = t2.oid
JOIN pg_attribute a1 ON a1.attnum = c.conkey[1] AND a1.attrelid = t1.oid
JOIN pg_attribute a2 ON a2.attnum = c.confkey[1] AND a2.attrelid = t2.oid
JOIN pg_namespace t3 ON c.connamespace = t3.oid
WHERE c.contype = 'f'
  AND t1.relname = 'users'
  AND t3.nspname = ANY (current_schemas(false))
ORDER BY c.conname
[0m


Started GET "/" for ::1 at 2015-01-22 11:18:39 +0100
  [1m[36mActiveRecord::SchemaMigration Load (0.9ms)[0m  [1mSELECT "schema_migrations".* FROM "schema_migrations"[0m
Processing by Rails::WelcomeController#index as HTML
  Rendered /Users/gberecz/.rvm/gems/ruby-2.1.2/gems/railties-4.2.0/lib/rails/templates/rails/welcome/index.html.erb (2.7ms)
Completed 200 OK in 29ms (Views: 17.6ms | ActiveRecord: 0.0ms)


Started GET "/" for ::1 at 2015-01-22 11:18:42 +0100
Processing by Rails::WelcomeController#index as HTML
  Rendered /Users/gberecz/.rvm/gems/ruby-2.1.2/gems/railties-4.2.0/lib/rails/templates/rails/welcome/index.html.erb (0.1ms)
Completed 200 OK in 2ms (Views: 1.4ms | ActiveRecord: 0.0ms)


Started GET "/users/sign_in?admin=" for ::1 at 2015-01-22 11:18:44 +0100
Processing by UsersController#show as HTML
  Parameters: {"admin"=>"", "id"=>"sign_in"}
  [1m[35mUser Load (5.8ms)[0m  SELECT  "users".* FROM "users" WHERE "users"."id" = $1 LIMIT 1  [["id", nil]]
Completed 404 Not Found in 68ms

ActiveRecord::RecordNotFound (Couldn't find User with 'id'=sign_in):
  app/controllers/users_controller.rb:67:in `set_user'


  Rendered /Users/gberecz/.rvm/gems/ruby-2.1.2/gems/web-console-2.0.0/lib/action_dispatch/templates/rescues/_source.erb (5.6ms)
  Rendered /Users/gberecz/.rvm/gems/ruby-2.1.2/gems/web-console-2.0.0/lib/action_dispatch/templates/rescues/_trace.html.erb (3.7ms)
  Rendered /Users/gberecz/.rvm/gems/ruby-2.1.2/gems/web-console-2.0.0/lib/action_dispatch/templates/rescues/_request_and_response.html.erb (1.8ms)
  Rendered /Users/gberecz/.rvm/gems/ruby-2.1.2/gems/web-console-2.0.0/lib/action_dispatch/templates/rescues/_web_console.html.erb (1.3ms)
  Rendered /Users/gberecz/.rvm/gems/ruby-2.1.2/gems/web-console-2.0.0/lib/action_dispatch/templates/rescues/diagnostics.html.erb within rescues/layout (46.7ms)


Started GET "/users" for ::1 at 2015-01-22 11:18:44 +0100
Processing by UsersController#index as HTML
  [1m[36mUser Load (0.4ms)[0m  [1mSELECT "users".* FROM "users"[0m
  Rendered users/index.html.slim within layouts/application (26.3ms)
Completed 200 OK in 7822ms (Views: 7820.4ms | ActiveRecord: 0.4ms)


Started GET "/assets/bootstrap-generators-7686a9f3fd463be528a970af4b5ccc93.css?body=1" for ::1 at 2015-01-22 11:18:52 +0100


Started GET "/assets/bootstrap-variables-069e88c06b889877799890854d7f4c40.css?body=1" for ::1 at 2015-01-22 11:18:52 +0100


Started GET "/assets/application-b683a68a66232f418c7147c79cb7bca7.css?body=1" for ::1 at 2015-01-22 11:18:52 +0100


Started GET "/assets/jquery-eb3e278249152b5b5d5170b73d9dbf52.js?body=1" for ::1 at 2015-01-22 11:18:52 +0100


Started GET "/assets/bootstrap/tab-7d45589786306b417d1664184ca8fbf8.js?body=1" for ::1 at 2015-01-22 11:18:52 +0100


Started GET "/assets/jquery_ujs-0b8f09cf5aec4ba1be1abd9f915c77e2.js?body=1" for ::1 at 2015-01-22 11:18:52 +0100


Started GET "/assets/turbolinks-924184401b7d116eadaaefc96895fa84.js?body=1" for ::1 at 2015-01-22 11:18:52 +0100


Started GET "/assets/bootstrap/collapse-4e4d6ff4fc17afac1d72bdb87dcf9e03.js?body=1" for ::1 at 2015-01-22 11:18:52 +0100


Started GET "/assets/bootstrap/modal-98b3faca355a223ded5349bc93bdd4a7.js?body=1" for ::1 at 2015-01-22 11:18:52 +0100


Started GET "/assets/bootstrap/button-7404970dda5275bf4aa732d8ef1db223.js?body=1" for ::1 at 2015-01-22 11:18:52 +0100


Started GET "/assets/bootstrap/alert-f76ec816bdcc68a2282059928ef1e52d.js?body=1" for ::1 at 2015-01-22 11:18:52 +0100


Started GET "/assets/bootstrap/transition-79362283457bd064d3b7ff06acb0f011.js?body=1" for ::1 at 2015-01-22 11:18:52 +0100


Started GET "/assets/bootstrap/tooltip-ad8aa40c8d62097d02080d81c3d49762.js?body=1" for ::1 at 2015-01-22 11:18:53 +0100


Started GET "/assets/bootstrap/popover-1fad9cb69620161b2a0c5c6ea67ae644.js?body=1" for ::1 at 2015-01-22 11:18:53 +0100


Started GET "/assets/bootstrap/affix-d40f971ee2f767faaf6d6af09b6891b5.js?body=1" for ::1 at 2015-01-22 11:18:53 +0100


Started GET "/assets/bootstrap/scrollspy-f9ba5cb4717a71f39303d90f29813c97.js?body=1" for ::1 at 2015-01-22 11:18:53 +0100


Started GET "/assets/bootstrap/dropdown-58cd9071a88158a9a95dda2320da8a92.js?body=1" for ::1 at 2015-01-22 11:18:53 +0100


Started GET "/assets/bootstrap/carousel-c2724c63c7e679aa20278f2f022560cb.js?body=1" for ::1 at 2015-01-22 11:18:53 +0100


Started GET "/assets/bootstrap-8913381f951405e9ebc0e9e7da434ed7.js?body=1" for ::1 at 2015-01-22 11:18:53 +0100


Started GET "/assets/approvals-8f6eecd1178ef85964369ec66d33c4f1.js?body=1" for ::1 at 2015-01-22 11:18:53 +0100


Started GET "/assets/bookmarks-8f6eecd1178ef85964369ec66d33c4f1.js?body=1" for ::1 at 2015-01-22 11:18:53 +0100


Started GET "/assets/certificates-8f6eecd1178ef85964369ec66d33c4f1.js?body=1" for ::1 at 2015-01-22 11:18:53 +0100


Started GET "/assets/comments-8f6eecd1178ef85964369ec66d33c4f1.js?body=1" for ::1 at 2015-01-22 11:18:53 +0100


Started GET "/assets/completions-8f6eecd1178ef85964369ec66d33c4f1.js?body=1" for ::1 at 2015-01-22 11:18:53 +0100


Started GET "/assets/course_assignments-8f6eecd1178ef85964369ec66d33c4f1.js?body=1" for ::1 at 2015-01-22 11:18:53 +0100


Started GET "/assets/course_requests-8f6eecd1178ef85964369ec66d33c4f1.js?body=1" for ::1 at 2015-01-22 11:18:53 +0100


Started GET "/assets/course_results-8f6eecd1178ef85964369ec66d33c4f1.js?body=1" for ::1 at 2015-01-22 11:18:53 +0100


Started GET "/assets/courses-8f6eecd1178ef85964369ec66d33c4f1.js?body=1" for ::1 at 2015-01-22 11:18:53 +0100


Started GET "/assets/emails-8f6eecd1178ef85964369ec66d33c4f1.js?body=1" for ::1 at 2015-01-22 11:18:53 +0100


Started GET "/assets/evaluations-8f6eecd1178ef85964369ec66d33c4f1.js?body=1" for ::1 at 2015-01-22 11:18:53 +0100


Started GET "/assets/groups-8f6eecd1178ef85964369ec66d33c4f1.js?body=1" for ::1 at 2015-01-22 11:18:53 +0100


Started GET "/assets/mooc_providers-8f6eecd1178ef85964369ec66d33c4f1.js?body=1" for ::1 at 2015-01-22 11:18:53 +0100


Started GET "/assets/progresses-8f6eecd1178ef85964369ec66d33c4f1.js?body=1" for ::1 at 2015-01-22 11:18:53 +0100


Started GET "/assets/recommendations-8f6eecd1178ef85964369ec66d33c4f1.js?body=1" for ::1 at 2015-01-22 11:18:53 +0100


Started GET "/assets/statistics-8f6eecd1178ef85964369ec66d33c4f1.js?body=1" for ::1 at 2015-01-22 11:18:53 +0100


Started GET "/assets/user_assignments-8f6eecd1178ef85964369ec66d33c4f1.js?body=1" for ::1 at 2015-01-22 11:18:53 +0100


Started GET "/assets/user_groups-8f6eecd1178ef85964369ec66d33c4f1.js?body=1" for ::1 at 2015-01-22 11:18:53 +0100


Started GET "/assets/users-8f6eecd1178ef85964369ec66d33c4f1.js?body=1" for ::1 at 2015-01-22 11:18:53 +0100


Started GET "/assets/application-a40a59eaedb71f4ca9ba3e9d508c549c.js?body=1" for ::1 at 2015-01-22 11:18:53 +0100


Started GET "/assets/bootstrap/glyphicons-halflings-regular.woff" for ::1 at 2015-01-22 11:18:53 +0100


Started GET "/users" for ::1 at 2015-01-22 11:18:57 +0100
Processing by UsersController#index as HTML
  [1m[35mUser Load (0.4ms)[0m  SELECT "users".* FROM "users"
  Rendered users/index.html.slim within layouts/application (12.1ms)
Completed 200 OK in 291ms (Views: 289.3ms | ActiveRecord: 0.4ms)


Started GET "/users/new" for ::1 at 2015-01-22 11:19:02 +0100
Processing by UsersController#new as HTML
  Rendered users/_form.html.slim (47.2ms)
  Rendered users/new.html.slim within layouts/application (56.6ms)
Completed 200 OK in 402ms (Views: 396.0ms | ActiveRecord: 0.0ms)


Started GET "/" for ::1 at 2015-01-22 14:43:57 +0100
  [1m[36mActiveRecord::SchemaMigration Load (7.5ms)[0m  [1mSELECT "schema_migrations".* FROM "schema_migrations"[0m
Processing by Rails::WelcomeController#index as HTML
  Rendered /Users/gberecz/.rvm/gems/ruby-2.1.2/gems/railties-4.2.0/lib/rails/templates/rails/welcome/index.html.erb (2.3ms)
Completed 200 OK in 33ms (Views: 18.4ms | ActiveRecord: 0.0ms)


Started GET "/users" for ::1 at 2015-01-22 14:44:02 +0100
Processing by UsersController#index as HTML
  [1m[35mUser Load (9.1ms)[0m  SELECT "users".* FROM "users"
  Rendered users/index.html.slim within layouts/application (39.4ms)
Completed 200 OK in 783ms (Views: 733.7ms | ActiveRecord: 12.0ms)


Started GET "/assets/bootstrap-variables-069e88c06b889877799890854d7f4c40.css?body=1" for ::1 at 2015-01-22 14:44:02 +0100


Started GET "/assets/bootstrap/glyphicons-halflings-regular.woff" for ::1 at 2015-01-22 14:44:03 +0100
